<?xml version="1.0" encoding="UTF-8"?>
<testng-results ignored="0" total="5" passed="5" failed="0" skipped="0">
  <reporter-output>
  </reporter-output>
  <suite started-at="2023-07-26T19:22:03 EEST" name="Default Suite" finished-at="2023-07-26T19:25:03 EEST" duration-ms="180104">
    <groups>
    </groups>
    <test started-at="2023-07-26T19:22:03 EEST" name="final-assignment-skillo-ivan" finished-at="2023-07-26T19:25:03 EEST" duration-ms="180104">
      <class name="finalAssignment.SearchTest">
        <test-method is-config="true" signature="setupTestSuite()[pri:0, instance:finalAssignment.SearchTest@696da30b]" started-at="2023-07-26T19:22:02 EEST" name="setupTestSuite" finished-at="2023-07-26T19:22:03 EEST" duration-ms="812" status="PASS">
          <reporter-output>
          </reporter-output>
        </test-method> <!-- setupTestSuite -->
        <test-method is-config="true" signature="setUpTest()[pri:0, instance:finalAssignment.SearchTest@696da30b]" started-at="2023-07-26T19:22:03 EEST" name="setUpTest" finished-at="2023-07-26T19:22:05 EEST" duration-ms="1273" status="PASS">
          <reporter-output>
          </reporter-output>
        </test-method> <!-- setUpTest -->
        <test-method signature="testSearchFieldFromHomeAsLoggedInUser(java.lang.String,java.lang.String)[pri:0, instance:finalAssignment.SearchTest@696da30b]" started-at="2023-07-26T19:22:05 EEST" name="testSearchFieldFromHomeAsLoggedInUser" data-provider="getUsers" finished-at="2023-07-26T19:22:48 EEST" duration-ms="43548" status="PASS">
          <params>
            <param index="0">
              <value>
                <![CDATA[IvanPenchev2]]>
              </value>
            </param>
            <param index="1">
              <value>
                <![CDATA[IvanPenchev123]]>
              </value>
            </param>
          </params>
          <reporter-output>
          </reporter-output>
        </test-method> <!-- testSearchFieldFromHomeAsLoggedInUser -->
        <test-method is-config="true" signature="tearDownTest(org.testng.ITestResult)[pri:0, instance:finalAssignment.SearchTest@696da30b]" started-at="2023-07-26T19:22:48 EEST" name="tearDownTest" finished-at="2023-07-26T19:22:49 EEST" duration-ms="633" status="PASS">
          <params>
            <param index="0">
              <value>
                <![CDATA[[TestResult name=testSearchFieldFromHomeAsLoggedInUser status=SUCCESS method=SearchTest.testSearchFieldFromHomeAsLoggedInUser(java.lang.String,java.lang.String)[pri:0, instance:finalAssignment.SearchTest@696da30b] output={null}]]]>
              </value>
            </param>
          </params>
          <reporter-output>
          </reporter-output>
        </test-method> <!-- tearDownTest -->
        <test-method is-config="true" signature="setUpTest()[pri:0, instance:finalAssignment.SearchTest@696da30b]" started-at="2023-07-26T19:22:49 EEST" name="setUpTest" finished-at="2023-07-26T19:22:49 EEST" duration-ms="773" status="PASS">
          <reporter-output>
          </reporter-output>
        </test-method> <!-- setUpTest -->
        <test-method signature="testSearchFieldFromProfileAsLoggedInUser(java.lang.String,java.lang.String)[pri:1, instance:finalAssignment.SearchTest@696da30b]" started-at="2023-07-26T19:22:49 EEST" name="testSearchFieldFromProfileAsLoggedInUser" data-provider="getUsers" finished-at="2023-07-26T19:23:34 EEST" duration-ms="44470" status="PASS">
          <params>
            <param index="0">
              <value>
                <![CDATA[IvanPenchev2]]>
              </value>
            </param>
            <param index="1">
              <value>
                <![CDATA[IvanPenchev123]]>
              </value>
            </param>
          </params>
          <reporter-output>
          </reporter-output>
        </test-method> <!-- testSearchFieldFromProfileAsLoggedInUser -->
        <test-method is-config="true" signature="tearDownTest(org.testng.ITestResult)[pri:0, instance:finalAssignment.SearchTest@696da30b]" started-at="2023-07-26T19:23:34 EEST" name="tearDownTest" finished-at="2023-07-26T19:23:35 EEST" duration-ms="603" status="PASS">
          <params>
            <param index="0">
              <value>
                <![CDATA[[TestResult name=testSearchFieldFromProfileAsLoggedInUser status=SUCCESS method=SearchTest.testSearchFieldFromProfileAsLoggedInUser(java.lang.String,java.lang.String)[pri:1, instance:finalAssignment.SearchTest@696da30b] output={null}]]]>
              </value>
            </param>
          </params>
          <reporter-output>
          </reporter-output>
        </test-method> <!-- tearDownTest -->
        <test-method is-config="true" signature="setUpTest()[pri:0, instance:finalAssignment.SearchTest@696da30b]" started-at="2023-07-26T19:23:35 EEST" name="setUpTest" finished-at="2023-07-26T19:23:35 EEST" duration-ms="699" status="PASS">
          <reporter-output>
          </reporter-output>
        </test-method> <!-- setUpTest -->
        <test-method signature="testSearchFieldFromPostPageAsLoggedInUser(java.lang.String,java.lang.String)[pri:2, instance:finalAssignment.SearchTest@696da30b]" started-at="2023-07-26T19:23:35 EEST" name="testSearchFieldFromPostPageAsLoggedInUser" data-provider="getUsers" finished-at="2023-07-26T19:24:21 EEST" duration-ms="45572" status="PASS">
          <params>
            <param index="0">
              <value>
                <![CDATA[IvanPenchev2]]>
              </value>
            </param>
            <param index="1">
              <value>
                <![CDATA[IvanPenchev123]]>
              </value>
            </param>
          </params>
          <reporter-output>
          </reporter-output>
        </test-method> <!-- testSearchFieldFromPostPageAsLoggedInUser -->
        <test-method is-config="true" signature="tearDownTest(org.testng.ITestResult)[pri:0, instance:finalAssignment.SearchTest@696da30b]" started-at="2023-07-26T19:24:21 EEST" name="tearDownTest" finished-at="2023-07-26T19:24:21 EEST" duration-ms="617" status="PASS">
          <params>
            <param index="0">
              <value>
                <![CDATA[[TestResult name=testSearchFieldFromPostPageAsLoggedInUser status=SUCCESS method=SearchTest.testSearchFieldFromPostPageAsLoggedInUser(java.lang.String,java.lang.String)[pri:2, instance:finalAssignment.SearchTest@696da30b] output={null}]]]>
              </value>
            </param>
          </params>
          <reporter-output>
          </reporter-output>
        </test-method> <!-- tearDownTest -->
        <test-method is-config="true" signature="setUpTest()[pri:0, instance:finalAssignment.SearchTest@696da30b]" started-at="2023-07-26T19:24:21 EEST" name="setUpTest" finished-at="2023-07-26T19:24:22 EEST" duration-ms="649" status="PASS">
          <reporter-output>
          </reporter-output>
        </test-method> <!-- setUpTest -->
        <test-method signature="testSearchFieldFromHomeAsAnonymousUser()[pri:3, instance:finalAssignment.SearchTest@696da30b]" started-at="2023-07-26T19:24:22 EEST" name="testSearchFieldFromHomeAsAnonymousUser" finished-at="2023-07-26T19:24:31 EEST" duration-ms="9021" status="PASS">
          <reporter-output>
          </reporter-output>
        </test-method> <!-- testSearchFieldFromHomeAsAnonymousUser -->
        <test-method is-config="true" signature="tearDownTest(org.testng.ITestResult)[pri:0, instance:finalAssignment.SearchTest@696da30b]" started-at="2023-07-26T19:24:31 EEST" name="tearDownTest" finished-at="2023-07-26T19:24:32 EEST" duration-ms="601" status="PASS">
          <params>
            <param index="0">
              <value>
                <![CDATA[[TestResult name=testSearchFieldFromHomeAsAnonymousUser status=SUCCESS method=SearchTest.testSearchFieldFromHomeAsAnonymousUser()[pri:3, instance:finalAssignment.SearchTest@696da30b] output={null}]]]>
              </value>
            </param>
          </params>
          <reporter-output>
          </reporter-output>
        </test-method> <!-- tearDownTest -->
        <test-method is-config="true" signature="setUpTest()[pri:0, instance:finalAssignment.SearchTest@696da30b]" started-at="2023-07-26T19:24:32 EEST" name="setUpTest" finished-at="2023-07-26T19:24:32 EEST" duration-ms="648" status="PASS">
          <reporter-output>
          </reporter-output>
        </test-method> <!-- setUpTest -->
        <test-method signature="testSearchFieldAsLoggedInUserWithStrangeSymbols(java.lang.String,java.lang.String)[pri:4, instance:finalAssignment.SearchTest@696da30b]" started-at="2023-07-26T19:24:32 EEST" name="testSearchFieldAsLoggedInUserWithStrangeSymbols" data-provider="getUsers" finished-at="2023-07-26T19:25:03 EEST" duration-ms="30360" status="PASS">
          <params>
            <param index="0">
              <value>
                <![CDATA[IvanPenchev2]]>
              </value>
            </param>
            <param index="1">
              <value>
                <![CDATA[IvanPenchev123]]>
              </value>
            </param>
          </params>
          <reporter-output>
          </reporter-output>
        </test-method> <!-- testSearchFieldAsLoggedInUserWithStrangeSymbols -->
        <test-method is-config="true" signature="tearDownTest(org.testng.ITestResult)[pri:0, instance:finalAssignment.SearchTest@696da30b]" started-at="2023-07-26T19:25:03 EEST" name="tearDownTest" finished-at="2023-07-26T19:25:03 EEST" duration-ms="605" status="PASS">
          <params>
            <param index="0">
              <value>
                <![CDATA[[TestResult name=testSearchFieldAsLoggedInUserWithStrangeSymbols status=SUCCESS method=SearchTest.testSearchFieldAsLoggedInUserWithStrangeSymbols(java.lang.String,java.lang.String)[pri:4, instance:finalAssignment.SearchTest@696da30b] output={null}]]]>
              </value>
            </param>
          </params>
          <reporter-output>
          </reporter-output>
        </test-method> <!-- tearDownTest -->
      </class> <!-- finalAssignment.SearchTest -->
    </test> <!-- final-assignment-skillo-ivan -->
  </suite> <!-- Default Suite -->
</testng-results>
