<?xml version="1.0" encoding="UTF-8"?>
<testng-results ignored="0" total="5" passed="5" failed="0" skipped="0">
  <reporter-output>
  </reporter-output>
  <suite started-at="2023-07-26T19:25:27 EEST" name="Default Suite" finished-at="2023-07-26T19:28:25 EEST" duration-ms="177663">
    <groups>
    </groups>
    <test started-at="2023-07-26T19:25:27 EEST" name="final-assignment-skillo-ivan" finished-at="2023-07-26T19:28:25 EEST" duration-ms="177663">
      <class name="finalAssignment.SearchTest">
        <test-method is-config="true" signature="setupTestSuite()[pri:0, instance:finalAssignment.SearchTest@44821a96]" started-at="2023-07-26T19:25:26 EEST" name="setupTestSuite" finished-at="2023-07-26T19:25:27 EEST" duration-ms="1009" status="PASS">
          <reporter-output>
          </reporter-output>
        </test-method> <!-- setupTestSuite -->
        <test-method is-config="true" signature="setUpTest()[pri:0, instance:finalAssignment.SearchTest@44821a96]" started-at="2023-07-26T19:25:27 EEST" name="setUpTest" finished-at="2023-07-26T19:25:28 EEST" duration-ms="1147" status="PASS">
          <reporter-output>
          </reporter-output>
        </test-method> <!-- setUpTest -->
        <test-method signature="testSearchFieldFromHomeAsLoggedInUser(java.lang.String,java.lang.String)[pri:0, instance:finalAssignment.SearchTest@44821a96]" started-at="2023-07-26T19:25:28 EEST" name="testSearchFieldFromHomeAsLoggedInUser" data-provider="getUsers" finished-at="2023-07-26T19:26:12 EEST" duration-ms="43607" status="PASS">
          <params>
            <param index="0">
              <value>
                <![CDATA[IvanPenchev2]]>
              </value>
            </param>
            <param index="1">
              <value>
                <![CDATA[IvanPenchev123]]>
              </value>
            </param>
          </params>
          <reporter-output>
          </reporter-output>
        </test-method> <!-- testSearchFieldFromHomeAsLoggedInUser -->
        <test-method is-config="true" signature="tearDownTest(org.testng.ITestResult)[pri:0, instance:finalAssignment.SearchTest@44821a96]" started-at="2023-07-26T19:26:12 EEST" name="tearDownTest" finished-at="2023-07-26T19:26:13 EEST" duration-ms="601" status="PASS">
          <params>
            <param index="0">
              <value>
                <![CDATA[[TestResult name=testSearchFieldFromHomeAsLoggedInUser status=SUCCESS method=SearchTest.testSearchFieldFromHomeAsLoggedInUser(java.lang.String,java.lang.String)[pri:0, instance:finalAssignment.SearchTest@44821a96] output={null}]]]>
              </value>
            </param>
          </params>
          <reporter-output>
          </reporter-output>
        </test-method> <!-- tearDownTest -->
        <test-method is-config="true" signature="setUpTest()[pri:0, instance:finalAssignment.SearchTest@44821a96]" started-at="2023-07-26T19:26:13 EEST" name="setUpTest" finished-at="2023-07-26T19:26:13 EEST" duration-ms="718" status="PASS">
          <reporter-output>
          </reporter-output>
        </test-method> <!-- setUpTest -->
        <test-method signature="testSearchFieldFromProfileAsLoggedInUser(java.lang.String,java.lang.String)[pri:1, instance:finalAssignment.SearchTest@44821a96]" started-at="2023-07-26T19:26:13 EEST" name="testSearchFieldFromProfileAsLoggedInUser" data-provider="getUsers" finished-at="2023-07-26T19:26:54 EEST" duration-ms="40427" status="PASS">
          <params>
            <param index="0">
              <value>
                <![CDATA[IvanPenchev2]]>
              </value>
            </param>
            <param index="1">
              <value>
                <![CDATA[IvanPenchev123]]>
              </value>
            </param>
          </params>
          <reporter-output>
          </reporter-output>
        </test-method> <!-- testSearchFieldFromProfileAsLoggedInUser -->
        <test-method is-config="true" signature="tearDownTest(org.testng.ITestResult)[pri:0, instance:finalAssignment.SearchTest@44821a96]" started-at="2023-07-26T19:26:54 EEST" name="tearDownTest" finished-at="2023-07-26T19:26:54 EEST" duration-ms="607" status="PASS">
          <params>
            <param index="0">
              <value>
                <![CDATA[[TestResult name=testSearchFieldFromProfileAsLoggedInUser status=SUCCESS method=SearchTest.testSearchFieldFromProfileAsLoggedInUser(java.lang.String,java.lang.String)[pri:1, instance:finalAssignment.SearchTest@44821a96] output={null}]]]>
              </value>
            </param>
          </params>
          <reporter-output>
          </reporter-output>
        </test-method> <!-- tearDownTest -->
        <test-method is-config="true" signature="setUpTest()[pri:0, instance:finalAssignment.SearchTest@44821a96]" started-at="2023-07-26T19:26:54 EEST" name="setUpTest" finished-at="2023-07-26T19:26:55 EEST" duration-ms="639" status="PASS">
          <reporter-output>
          </reporter-output>
        </test-method> <!-- setUpTest -->
        <test-method signature="testSearchFieldFromPostPageAsLoggedInUser(java.lang.String,java.lang.String)[pri:2, instance:finalAssignment.SearchTest@44821a96]" started-at="2023-07-26T19:26:55 EEST" name="testSearchFieldFromPostPageAsLoggedInUser" data-provider="getUsers" finished-at="2023-07-26T19:27:40 EEST" duration-ms="44958" status="PASS">
          <params>
            <param index="0">
              <value>
                <![CDATA[IvanPenchev2]]>
              </value>
            </param>
            <param index="1">
              <value>
                <![CDATA[IvanPenchev123]]>
              </value>
            </param>
          </params>
          <reporter-output>
          </reporter-output>
        </test-method> <!-- testSearchFieldFromPostPageAsLoggedInUser -->
        <test-method is-config="true" signature="tearDownTest(org.testng.ITestResult)[pri:0, instance:finalAssignment.SearchTest@44821a96]" started-at="2023-07-26T19:27:40 EEST" name="tearDownTest" finished-at="2023-07-26T19:27:41 EEST" duration-ms="641" status="PASS">
          <params>
            <param index="0">
              <value>
                <![CDATA[[TestResult name=testSearchFieldFromPostPageAsLoggedInUser status=SUCCESS method=SearchTest.testSearchFieldFromPostPageAsLoggedInUser(java.lang.String,java.lang.String)[pri:2, instance:finalAssignment.SearchTest@44821a96] output={null}]]]>
              </value>
            </param>
          </params>
          <reporter-output>
          </reporter-output>
        </test-method> <!-- tearDownTest -->
        <test-method is-config="true" signature="setUpTest()[pri:0, instance:finalAssignment.SearchTest@44821a96]" started-at="2023-07-26T19:27:41 EEST" name="setUpTest" finished-at="2023-07-26T19:27:41 EEST" duration-ms="663" status="PASS">
          <reporter-output>
          </reporter-output>
        </test-method> <!-- setUpTest -->
        <test-method signature="testSearchFieldFromHomeAsAnonymousUser()[pri:3, instance:finalAssignment.SearchTest@44821a96]" started-at="2023-07-26T19:27:41 EEST" name="testSearchFieldFromHomeAsAnonymousUser" finished-at="2023-07-26T19:27:53 EEST" duration-ms="11858" status="PASS">
          <reporter-output>
          </reporter-output>
        </test-method> <!-- testSearchFieldFromHomeAsAnonymousUser -->
        <test-method is-config="true" signature="tearDownTest(org.testng.ITestResult)[pri:0, instance:finalAssignment.SearchTest@44821a96]" started-at="2023-07-26T19:27:53 EEST" name="tearDownTest" finished-at="2023-07-26T19:27:54 EEST" duration-ms="616" status="PASS">
          <params>
            <param index="0">
              <value>
                <![CDATA[[TestResult name=testSearchFieldFromHomeAsAnonymousUser status=SUCCESS method=SearchTest.testSearchFieldFromHomeAsAnonymousUser()[pri:3, instance:finalAssignment.SearchTest@44821a96] output={null}]]]>
              </value>
            </param>
          </params>
          <reporter-output>
          </reporter-output>
        </test-method> <!-- tearDownTest -->
        <test-method is-config="true" signature="setUpTest()[pri:0, instance:finalAssignment.SearchTest@44821a96]" started-at="2023-07-26T19:27:54 EEST" name="setUpTest" finished-at="2023-07-26T19:27:54 EEST" duration-ms="666" status="PASS">
          <reporter-output>
          </reporter-output>
        </test-method> <!-- setUpTest -->
        <test-method signature="testSearchFieldAsLoggedInUserWithStrangeSymbols(java.lang.String,java.lang.String)[pri:4, instance:finalAssignment.SearchTest@44821a96]" started-at="2023-07-26T19:27:54 EEST" name="testSearchFieldAsLoggedInUserWithStrangeSymbols" data-provider="getUsers" finished-at="2023-07-26T19:28:24 EEST" duration-ms="29868" status="PASS">
          <params>
            <param index="0">
              <value>
                <![CDATA[IvanPenchev2]]>
              </value>
            </param>
            <param index="1">
              <value>
                <![CDATA[IvanPenchev123]]>
              </value>
            </param>
          </params>
          <reporter-output>
          </reporter-output>
        </test-method> <!-- testSearchFieldAsLoggedInUserWithStrangeSymbols -->
        <test-method is-config="true" signature="tearDownTest(org.testng.ITestResult)[pri:0, instance:finalAssignment.SearchTest@44821a96]" started-at="2023-07-26T19:28:24 EEST" name="tearDownTest" finished-at="2023-07-26T19:28:25 EEST" duration-ms="610" status="PASS">
          <params>
            <param index="0">
              <value>
                <![CDATA[[TestResult name=testSearchFieldAsLoggedInUserWithStrangeSymbols status=SUCCESS method=SearchTest.testSearchFieldAsLoggedInUserWithStrangeSymbols(java.lang.String,java.lang.String)[pri:4, instance:finalAssignment.SearchTest@44821a96] output={null}]]]>
              </value>
            </param>
          </params>
          <reporter-output>
          </reporter-output>
        </test-method> <!-- tearDownTest -->
      </class> <!-- finalAssignment.SearchTest -->
    </test> <!-- final-assignment-skillo-ivan -->
  </suite> <!-- Default Suite -->
</testng-results>
